<?xml version="1.0" encoding="UTF-8"?>
<!-- Generated by org.testng.reporters.JUnitReportReporter -->
<testsuite hostname="admin" name="testss.Yahoo" tests="1" failures="0" timestamp="8 Sep 2014 12:15:44 GMT" time="72.157" errors="0">
  <testcase name="f" time="72.157" classname="testss.Yahoo"/>
</testsuite> <!-- testss.Yahoo -->
