<?xml version="1.0" encoding="UTF-8"?>
<!-- Generated by org.testng.reporters.JUnitReportReporter -->
<testsuite hostname="admin" name="testss.Google" tests="1" failures="0" timestamp="8 Sep 2014 12:15:44 GMT" time="65.197" errors="0">
  <testcase name="f" time="65.197" classname="testss.Google"/>
</testsuite> <!-- testss.Google -->
